10月10日 10:10:28.397 監視Start
10月10日 10:10:28.927 マウスポインターがコントロールに重ねられました
10月10日 10:10:29.277 マウスで何かしようとしています
10月10日 10:10:29.387 マウスがクリックされました
10月10日 10:10:29.637 マウスで何かしようとしています
10月10日 10:10:29.787 マウスがダブルクリックされました
10月10日 10:10:30.287 マウスで何かしようとしています
10月10日 10:10:30.427 マウスがクリックされました
10月10日 10:10:30.557 マウスで何かしようとしています
10月10日 10:10:30.677 マウスがダブルクリックされました
10月10日 10:10:30.817 マウスで何かしようとしています
10月10日 10:10:30.907 マウスがクリックされました
10月10日 10:10:31.937 監視End
10月10日 10:10:31.937 マウスポインターがコントロールから離れました
10月10日 17:23:07.055 監視Start
10月10日 17:23:11.326 監視End
10月10日 17:25:00.246 監視Start
10月10日 17:25:00.763 マウスポインターがコントロールに重ねられました
10月10日 17:25:02.020 監視End
10月10日 17:25:02.021 マウスポインターがコントロールから離れました
10月10日 17:25:08.051 監視Start
10月10日 17:25:08.582 マウスポインターがコントロールに重ねられました
10月10日 17:25:08.907 マウスで何かしようとしています
10月10日 17:25:09.026 マウスがクリックされました
10月10日 17:29:39.981 監視Start
10月10日 17:29:50.858 監視End
10月10日 17:42:04.688 監視Start
10月10日 17:42:11.268 Key: D
10月10日 17:42:12.938 Key: F
10月10日 17:42:13.308 Key: F
10月10日 17:42:13.628 Key: F
10月10日 17:42:16.398 監視End
